2016-07-12T16:03:50+00:00 - MERGED:
 - admin-bar - /wp-includes/css/admin-bar.min.css - unminified version used
 - frm_fonts - http://b35.b67.myftpupload.com/wp-content/plugins/formidable/css/frm_fonts.css
 - gd_system_admin_css - http://b35.b67.myftpupload.com/wp-content/mu-plugins/gd-system-plugin/css/admin.min.css - unminified version used
 - yoast-seo-adminbar - http://b35.b67.myftpupload.com/wp-content/plugins/wordpress-seo/css/adminbar-330.min.css
 - ms-main - http://b35.b67.myftpupload.com/wp-content/plugins/masterslider/public/assets/css/masterslider.main.css
 - ms-custom - http://b35.b67.myftpupload.com/wp-content/uploads/masterslider/custom.css
 - bootstrap - http://b35.b67.myftpupload.com/wp-content/themes/stratus/assets/css/bootstrap.min.css
 - t_vendor - http://b35.b67.myftpupload.com/wp-content/themes/stratus/assets/css/vendor.css
 - roots_app - http://b35.b67.myftpupload.com/wp-content/themes/stratus/assets/css/app.css
 - responsive_css - http://b35.b67.myftpupload.com/wp-content/themes/stratus/assets/css/responsive.css
2016-07-12T16:04:21+00:00 - COMPRESSING CSS
2016-07-12T16:04:21+00:00 - COMPRESSING CSS
2016-07-12T16:04:22+00:00 - COMPRESSION COMPLETE - 54.70K saved
2016-07-12T16:04:23+00:00 - COMPRESSION COMPLETE - 54.70K saved
2016-07-12T17:40:41+00:00 - COMPRESSING CSS
2016-07-12T17:40:41+00:00 - COMPRESSING CSS
2016-07-12T17:40:42+00:00 - COMPRESSION COMPLETE - 54.70K saved
2016-07-12T17:40:43+00:00 - COMPRESSION COMPLETE - 54.70K saved
2016-07-12T17:51:12+00:00 - COMPRESSING CSS
2016-07-12T17:51:12+00:00 - COMPRESSING CSS
2016-07-12T17:51:13+00:00 - COMPRESSION COMPLETE - 54.70K saved
2016-07-12T17:51:13+00:00 - COMPRESSION COMPLETE - 54.70K saved
