2016-08-10T17:59:59+00:00 - MERGED:
 - admin-bar - /wp-includes/css/admin-bar.min.css - unminified version used
 - frm_fonts - http://b35.b67.myftpupload.com/wp-content/plugins/formidable/css/frm_fonts.css
 - wpaas-admin - http://b35.b67.myftpupload.com/wp-content/mu-plugins/gd-system-plugin/assets/css/admin.min.css - unminified version used
 - yoast-seo-adminbar - http://b35.b67.myftpupload.com/wp-content/plugins/wordpress-seo/css/adminbar-330.min.css
 - wpaas-admin-bar - http://b35.b67.myftpupload.com/wp-content/mu-plugins/gd-system-plugin/assets/css/admin-bar.min.css - unminified version used
 - ms-main - http://b35.b67.myftpupload.com/wp-content/plugins/masterslider/public/assets/css/masterslider.main.css
 - ms-custom - http://b35.b67.myftpupload.com/wp-content/uploads/masterslider/custom.css
 - bootstrap - http://b35.b67.myftpupload.com/wp-content/themes/stratus/assets/css/bootstrap.min.css
 - t_vendor - http://b35.b67.myftpupload.com/wp-content/themes/stratus/assets/css/vendor.css
 - roots_app - http://b35.b67.myftpupload.com/wp-content/themes/stratus/assets/css/app.css
 - responsive_css - http://b35.b67.myftpupload.com/wp-content/themes/stratus/assets/css/responsive.css
2016-08-10T18:03:55+00:00 - COMPRESSING CSS
2016-08-10T18:03:55+00:00 - COMPRESSION COMPLETE - 54.79K saved
2016-08-10T18:03:56+00:00 - COMPRESSING CSS
2016-08-10T18:03:57+00:00 - COMPRESSION COMPLETE - 54.79K saved
2016-08-10T18:04:07+00:00 - COMPRESSING CSS
2016-08-10T18:04:08+00:00 - COMPRESSION COMPLETE - 54.79K saved
2016-08-10T18:04:28+00:00 - COMPRESSING CSS
2016-08-10T18:04:29+00:00 - COMPRESSION COMPLETE - 54.79K saved
2016-08-10T18:05:31+00:00 - COMPRESSING CSS
2016-08-10T18:05:32+00:00 - COMPRESSION COMPLETE - 54.79K saved
2016-08-10T18:05:47+00:00 - COMPRESSING CSS
2016-08-10T18:05:47+00:00 - COMPRESSION COMPLETE - 54.79K saved
2016-08-10T18:05:50+00:00 - COMPRESSING CSS
2016-08-10T18:05:50+00:00 - COMPRESSION COMPLETE - 54.79K saved
2016-08-10T18:06:00+00:00 - COMPRESSING CSS
2016-08-10T18:06:01+00:00 - COMPRESSION COMPLETE - 54.79K saved
2016-08-10T18:06:08+00:00 - COMPRESSING CSS
2016-08-10T18:06:08+00:00 - COMPRESSION COMPLETE - 54.79K saved
2016-08-10T18:06:15+00:00 - COMPRESSING CSS
2016-08-10T18:06:15+00:00 - COMPRESSION COMPLETE - 54.79K saved
2016-08-10T18:06:36+00:00 - COMPRESSING CSS
2016-08-10T18:06:37+00:00 - COMPRESSION COMPLETE - 54.79K saved
2016-08-10T18:06:38+00:00 - COMPRESSING CSS
2016-08-10T18:06:38+00:00 - COMPRESSION COMPLETE - 54.79K saved
2016-08-10T18:06:42+00:00 - COMPRESSING CSS
2016-08-10T18:06:43+00:00 - COMPRESSION COMPLETE - 54.79K saved
2016-08-10T18:06:52+00:00 - COMPRESSING CSS
2016-08-10T18:06:53+00:00 - COMPRESSION COMPLETE - 54.79K saved
2016-08-10T18:07:23+00:00 - COMPRESSING CSS
2016-08-10T18:07:24+00:00 - COMPRESSION COMPLETE - 54.79K saved
2016-08-10T18:07:25+00:00 - COMPRESSING CSS
2016-08-10T18:07:26+00:00 - COMPRESSION COMPLETE - 54.79K saved
2016-08-10T18:07:32+00:00 - COMPRESSING CSS
2016-08-10T18:07:33+00:00 - COMPRESSION COMPLETE - 54.79K saved
2016-08-10T18:07:34+00:00 - COMPRESSING CSS
2016-08-10T18:07:35+00:00 - COMPRESSION COMPLETE - 54.79K saved
2016-08-10T18:08:04+00:00 - COMPRESSING CSS
2016-08-10T18:08:04+00:00 - COMPRESSION COMPLETE - 54.79K saved
